The target system is: Generic - 1 - 
The host system is: Darwin - 20.2.0 - x86_64
Compiling the C compiler identification source file "CMakeCCompilerId.c" succeeded.
Compiler: /Users/lost_echo/Programming/stm32/gcc-arm-none-eabi-5_4-2016q3/bin/arm-none-eabi-gcc 
Build flags: 
Id flags: -c 

The output was:
0


Compilation of the C compiler identification source "CMakeCCompilerId.c" produced "CMakeCCompilerId.o"

The C compiler identification is GNU, found in "/Users/lost_echo/CLionProjects/led_test/cmake-build-debug/CMakeFiles/3.19.2/CompilerIdC/CMakeCCompilerId.o"

Compiling the CXX compiler identification source file "CMakeCXXCompilerId.cpp" succeeded.
Compiler: /Users/lost_echo/Programming/stm32/gcc-arm-none-eabi-5_4-2016q3/bin/arm-none-eabi-g++ 
Build flags: 
Id flags: -c 

The output was:
0


Compilation of the CXX compiler identification source "CMakeCXXCompilerId.cpp" produced "CMakeCXXCompilerId.o"

The CXX compiler identification is GNU, found in "/Users/lost_echo/CLionProjects/led_test/cmake-build-debug/CMakeFiles/3.19.2/CompilerIdCXX/CMakeCXXCompilerId.o"

Checking whether the ASM compiler is GNU using "--version" matched "(GNU assembler)|(GCC)|(Free Software Foundation)":
arm-none-eabi-gcc (GNU Tools for ARM Embedded Processors) 5.4.1 20160919 (release) [ARM/embedded-5-branch revision 240496]
Copyright (C) 2015 Free Software Foundation, Inc.
This is free software; see the source for copying conditions.  There is NO
warranty; not even for MERCHANTABILITY or FITNESS FOR A PARTICULAR PURPOSE.

Detecting C compiler ABI info compiled with the following output:
Change Dir: /Users/lost_echo/CLionProjects/led_test/cmake-build-debug/CMakeFiles/CMakeTmp

Run Build Command(s):/usr/local/bin/gmake cmTC_e71a1/fast && /usr/local/bin/gmake  -f CMakeFiles/cmTC_e71a1.dir/build.make CMakeFiles/cmTC_e71a1.dir/build
gmake[1]: Entering directory '/Users/lost_echo/CLionProjects/led_test/cmake-build-debug/CMakeFiles/CMakeTmp'
Building C object CMakeFiles/cmTC_e71a1.dir/CMakeCCompilerABI.c.obj
/Users/lost_echo/Programming/stm32/gcc-arm-none-eabi-5_4-2016q3/bin/arm-none-eabi-gcc   -v -o CMakeFiles/cmTC_e71a1.dir/CMakeCCompilerABI.c.obj -c /Applications/CLion.app/Contents/bin/cmake/mac/share/cmake-3.19/Modules/CMakeCCompilerABI.c
Using built-in specs.
COLLECT_GCC=/Users/lost_echo/Programming/stm32/gcc-arm-none-eabi-5_4-2016q3/bin/arm-none-eabi-gcc
Target: arm-none-eabi
Configured with: /Users/build/workspace/GCC-5-build_build-toolchain-mac/gcc-arm-none-eabi-5_4-2016q3-20160926/src/gcc/configure --target=arm-none-eabi --prefix=/Users/build/workspace/GCC-5-build_build-toolchain-mac/gcc-arm-none-eabi-5_4-2016q3-20160926/install-native --libexecdir=/Users/build/workspace/GCC-5-build_build-toolchain-mac/gcc-arm-none-eabi-5_4-2016q3-20160926/install-native/lib --infodir=/Users/build/workspace/GCC-5-build_build-toolchain-mac/gcc-arm-none-eabi-5_4-2016q3-20160926/install-native/share/doc/gcc-arm-none-eabi/info --mandir=/Users/build/workspace/GCC-5-build_build-toolchain-mac/gcc-arm-none-eabi-5_4-2016q3-20160926/install-native/share/doc/gcc-arm-none-eabi/man --htmldir=/Users/build/workspace/GCC-5-build_build-toolchain-mac/gcc-arm-none-eabi-5_4-2016q3-20160926/install-native/share/doc/gcc-arm-none-eabi/html --pdfdir=/Users/build/workspace/GCC-5-build_build-toolchain-mac/gcc-arm-none-eabi-5_4-2016q3-20160926/install-native/share/doc/gcc-arm-none-eabi/pdf --enable-languages=c,c++ --enable-plugins --disable-decimal-float --disable-libffi --disable-libgomp --disable-libmudflap --disable-libquadmath --disable-libssp --disable-libstdcxx-pch --disable-nls --disable-shared --disable-threads --disable-tls --with-gnu-as --with-gnu-ld --with-newlib --with-headers=yes --with-python-dir=share/gcc-arm-none-eabi --with-sysroot=/Users/build/workspace/GCC-5-build_build-toolchain-mac/gcc-arm-none-eabi-5_4-2016q3-20160926/install-native/arm-none-eabi --build=x86_64-apple-darwin10 --host=x86_64-apple-darwin10 --with-gmp=/Users/build/workspace/GCC-5-build_build-toolchain-mac/gcc-arm-none-eabi-5_4-2016q3-20160926/build-native/host-libs/usr --with-mpfr=/Users/build/workspace/GCC-5-build_build-toolchain-mac/gcc-arm-none-eabi-5_4-2016q3-20160926/build-native/host-libs/usr --with-mpc=/Users/build/workspace/GCC-5-build_build-toolchain-mac/gcc-arm-none-eabi-5_4-2016q3-20160926/build-native/host-libs/usr --with-isl=/Users/build/workspace/GCC-5-build_build-toolchain-mac/gcc-arm-none-eabi-5_4-2016q3-20160926/build-native/host-libs/usr --with-cloog=/Users/build/workspace/GCC-5-build_build-toolchain-mac/gcc-arm-none-eabi-5_4-2016q3-20160926/build-native/host-libs/usr --with-libelf=/Users/build/workspace/GCC-5-build_build-toolchain-mac/gcc-arm-none-eabi-5_4-2016q3-20160926/build-native/host-libs/usr --with-host-libstdcxx='-static-libgcc -Wl,-lstdc++ -lm' --with-pkgversion='GNU Tools for ARM Embedded Processors' --with-multilib-list=armv6-m,armv7-m,armv7e-m,armv7-r,armv8-m.base,armv8-m.main
Thread model: single
gcc version 5.4.1 20160919 (release) [ARM/embedded-5-branch revision 240496] (GNU Tools for ARM Embedded Processors) 
COLLECT_GCC_OPTIONS='-v' '-o' 'CMakeFiles/cmTC_e71a1.dir/CMakeCCompilerABI.c.obj' '-c'
 /Users/lost_echo/Programming/stm32/gcc-arm-none-eabi-5_4-2016q3/bin/../lib/gcc/arm-none-eabi/5.4.1/cc1 -quiet -v -iprefix /Users/lost_echo/Programming/stm32/gcc-arm-none-eabi-5_4-2016q3/bin/../lib/gcc/arm-none-eabi/5.4.1/ -isysroot /Users/lost_echo/Programming/stm32/gcc-arm-none-eabi-5_4-2016q3/bin/../arm-none-eabi -D__USES_INITFINI__ /Applications/CLion.app/Contents/bin/cmake/mac/share/cmake-3.19/Modules/CMakeCCompilerABI.c -quiet -dumpbase CMakeCCompilerABI.c -auxbase-strip CMakeFiles/cmTC_e71a1.dir/CMakeCCompilerABI.c.obj -version -o /var/folders/lt/lwtmy2fn09b0js3xz8y83sqc0000gn/T//cc1zdtYH.s
GNU C11 (GNU Tools for ARM Embedded Processors) version 5.4.1 20160919 (release) [ARM/embedded-5-branch revision 240496] (arm-none-eabi)
	compiled by GNU C version 4.2.1 (Based on Apple Inc. build 5658) (LLVM build 2336.9.00), GMP version 4.3.2, MPFR version 2.4.2, MPC version 0.8.1
GGC heuristics: --param ggc-min-expand=100 --param ggc-min-heapsize=131072
ignoring duplicate directory "/Users/lost_echo/Programming/stm32/gcc-arm-none-eabi-5_4-2016q3/bin/../lib/gcc/../../lib/gcc/arm-none-eabi/5.4.1/include"
ignoring nonexistent directory "/Users/lost_echo/Programming/stm32/gcc-arm-none-eabi-5_4-2016q3/bin/../arm-none-eabi/usr/local/include"
ignoring duplicate directory "/Users/lost_echo/Programming/stm32/gcc-arm-none-eabi-5_4-2016q3/bin/../lib/gcc/../../lib/gcc/arm-none-eabi/5.4.1/include-fixed"
ignoring duplicate directory "/Users/lost_echo/Programming/stm32/gcc-arm-none-eabi-5_4-2016q3/bin/../lib/gcc/../../lib/gcc/arm-none-eabi/5.4.1/../../../../arm-none-eabi/include"
ignoring nonexistent directory "/Users/lost_echo/Programming/stm32/gcc-arm-none-eabi-5_4-2016q3/bin/../arm-none-eabi/usr/include"
#include "..." search starts here:
#include <...> search starts here:
 /Users/lost_echo/Programming/stm32/gcc-arm-none-eabi-5_4-2016q3/bin/../lib/gcc/arm-none-eabi/5.4.1/include
 /Users/lost_echo/Programming/stm32/gcc-arm-none-eabi-5_4-2016q3/bin/../lib/gcc/arm-none-eabi/5.4.1/include-fixed
 /Users/lost_echo/Programming/stm32/gcc-arm-none-eabi-5_4-2016q3/bin/../lib/gcc/arm-none-eabi/5.4.1/../../../../arm-none-eabi/include
End of search list.
GNU C11 (GNU Tools for ARM Embedded Processors) version 5.4.1 20160919 (release) [ARM/embedded-5-branch revision 240496] (arm-none-eabi)
	compiled by GNU C version 4.2.1 (Based on Apple Inc. build 5658) (LLVM build 2336.9.00), GMP version 4.3.2, MPFR version 2.4.2, MPC version 0.8.1
GGC heuristics: --param ggc-min-expand=100 --param ggc-min-heapsize=131072
Compiler executable checksum: 8f50f338e802dca2f5500cdbc1dec3fe
COLLECT_GCC_OPTIONS='-v' '-o' 'CMakeFiles/cmTC_e71a1.dir/CMakeCCompilerABI.c.obj' '-c'
 /Users/lost_echo/Programming/stm32/gcc-arm-none-eabi-5_4-2016q3/bin/../lib/gcc/arm-none-eabi/5.4.1/../../../../arm-none-eabi/bin/as -v -meabi=5 -o CMakeFiles/cmTC_e71a1.dir/CMakeCCompilerABI.c.obj /var/folders/lt/lwtmy2fn09b0js3xz8y83sqc0000gn/T//cc1zdtYH.s
GNU assembler version 2.26.2 (arm-none-eabi) using BFD version (GNU Tools for ARM Embedded Processors) 2.26.2.20160923
COMPILER_PATH=/Users/lost_echo/Programming/stm32/gcc-arm-none-eabi-5_4-2016q3/bin/../lib/gcc/arm-none-eabi/5.4.1/:/Users/lost_echo/Programming/stm32/gcc-arm-none-eabi-5_4-2016q3/bin/../lib/gcc/:/Users/lost_echo/Programming/stm32/gcc-arm-none-eabi-5_4-2016q3/bin/../lib/gcc/arm-none-eabi/5.4.1/../../../../arm-none-eabi/bin/
LIBRARY_PATH=/Users/lost_echo/Programming/stm32/gcc-arm-none-eabi-5_4-2016q3/bin/../lib/gcc/arm-none-eabi/5.4.1/:/Users/lost_echo/Programming/stm32/gcc-arm-none-eabi-5_4-2016q3/bin/../lib/gcc/:/Users/lost_echo/Programming/stm32/gcc-arm-none-eabi-5_4-2016q3/bin/../lib/gcc/arm-none-eabi/5.4.1/../../../../arm-none-eabi/lib/:/Users/lost_echo/Programming/stm32/gcc-arm-none-eabi-5_4-2016q3/bin/../arm-none-eabi/lib/
COLLECT_GCC_OPTIONS='-v' '-o' 'CMakeFiles/cmTC_e71a1.dir/CMakeCCompilerABI.c.obj' '-c'
Linking C static library libcmTC_e71a1.a
/Applications/CLion.app/Contents/bin/cmake/mac/bin/cmake -P CMakeFiles/cmTC_e71a1.dir/cmake_clean_target.cmake
/Applications/CLion.app/Contents/bin/cmake/mac/bin/cmake -E cmake_link_script CMakeFiles/cmTC_e71a1.dir/link.txt --verbose=1
arm-none-eabi-ar qc libcmTC_e71a1.a CMakeFiles/cmTC_e71a1.dir/CMakeCCompilerABI.c.obj
/Users/lost_echo/Programming/stm32/gcc-arm-none-eabi-5_4-2016q3/bin/arm-none-eabi-ranlib libcmTC_e71a1.a
gmake[1]: Leaving directory '/Users/lost_echo/CLionProjects/led_test/cmake-build-debug/CMakeFiles/CMakeTmp'



Parsed C implicit include dir info from above output: rv=done
  found start of include info
  found start of implicit include info
    add: [/Users/lost_echo/Programming/stm32/gcc-arm-none-eabi-5_4-2016q3/bin/../lib/gcc/arm-none-eabi/5.4.1/include]
    add: [/Users/lost_echo/Programming/stm32/gcc-arm-none-eabi-5_4-2016q3/bin/../lib/gcc/arm-none-eabi/5.4.1/include-fixed]
    add: [/Users/lost_echo/Programming/stm32/gcc-arm-none-eabi-5_4-2016q3/bin/../lib/gcc/arm-none-eabi/5.4.1/../../../../arm-none-eabi/include]
  end of search list found
  collapse include dir [/Users/lost_echo/Programming/stm32/gcc-arm-none-eabi-5_4-2016q3/bin/../lib/gcc/arm-none-eabi/5.4.1/include] ==> [/Users/lost_echo/Programming/stm32/gcc-arm-none-eabi-5_4-2016q3/lib/gcc/arm-none-eabi/5.4.1/include]
  collapse include dir [/Users/lost_echo/Programming/stm32/gcc-arm-none-eabi-5_4-2016q3/bin/../lib/gcc/arm-none-eabi/5.4.1/include-fixed] ==> [/Users/lost_echo/Programming/stm32/gcc-arm-none-eabi-5_4-2016q3/lib/gcc/arm-none-eabi/5.4.1/include-fixed]
  collapse include dir [/Users/lost_echo/Programming/stm32/gcc-arm-none-eabi-5_4-2016q3/bin/../lib/gcc/arm-none-eabi/5.4.1/../../../../arm-none-eabi/include] ==> [/Users/lost_echo/Programming/stm32/gcc-arm-none-eabi-5_4-2016q3/arm-none-eabi/include]
  implicit include dirs: [/Users/lost_echo/Programming/stm32/gcc-arm-none-eabi-5_4-2016q3/lib/gcc/arm-none-eabi/5.4.1/include;/Users/lost_echo/Programming/stm32/gcc-arm-none-eabi-5_4-2016q3/lib/gcc/arm-none-eabi/5.4.1/include-fixed;/Users/lost_echo/Programming/stm32/gcc-arm-none-eabi-5_4-2016q3/arm-none-eabi/include]


Parsed C implicit link information from above output:
  link line regex: [^( *|.*[/\])(arm-none-eabi-ld|CMAKE_LINK_STARTFILE-NOTFOUND|([^/\]+-)?ld|collect2)[^/\]*( |$)]
  ignore line: [Change Dir: /Users/lost_echo/CLionProjects/led_test/cmake-build-debug/CMakeFiles/CMakeTmp]
  ignore line: []
  ignore line: [Run Build Command(s):/usr/local/bin/gmake cmTC_e71a1/fast && /usr/local/bin/gmake  -f CMakeFiles/cmTC_e71a1.dir/build.make CMakeFiles/cmTC_e71a1.dir/build]
  ignore line: [gmake[1]: Entering directory '/Users/lost_echo/CLionProjects/led_test/cmake-build-debug/CMakeFiles/CMakeTmp']
  ignore line: [Building C object CMakeFiles/cmTC_e71a1.dir/CMakeCCompilerABI.c.obj]
  ignore line: [/Users/lost_echo/Programming/stm32/gcc-arm-none-eabi-5_4-2016q3/bin/arm-none-eabi-gcc   -v -o CMakeFiles/cmTC_e71a1.dir/CMakeCCompilerABI.c.obj -c /Applications/CLion.app/Contents/bin/cmake/mac/share/cmake-3.19/Modules/CMakeCCompilerABI.c]
  ignore line: [Using built-in specs.]
  ignore line: [COLLECT_GCC=/Users/lost_echo/Programming/stm32/gcc-arm-none-eabi-5_4-2016q3/bin/arm-none-eabi-gcc]
  ignore line: [Target: arm-none-eabi]
  ignore line: [Configured with: /Users/build/workspace/GCC-5-build_build-toolchain-mac/gcc-arm-none-eabi-5_4-2016q3-20160926/src/gcc/configure --target=arm-none-eabi --prefix=/Users/build/workspace/GCC-5-build_build-toolchain-mac/gcc-arm-none-eabi-5_4-2016q3-20160926/install-native --libexecdir=/Users/build/workspace/GCC-5-build_build-toolchain-mac/gcc-arm-none-eabi-5_4-2016q3-20160926/install-native/lib --infodir=/Users/build/workspace/GCC-5-build_build-toolchain-mac/gcc-arm-none-eabi-5_4-2016q3-20160926/install-native/share/doc/gcc-arm-none-eabi/info --mandir=/Users/build/workspace/GCC-5-build_build-toolchain-mac/gcc-arm-none-eabi-5_4-2016q3-20160926/install-native/share/doc/gcc-arm-none-eabi/man --htmldir=/Users/build/workspace/GCC-5-build_build-toolchain-mac/gcc-arm-none-eabi-5_4-2016q3-20160926/install-native/share/doc/gcc-arm-none-eabi/html --pdfdir=/Users/build/workspace/GCC-5-build_build-toolchain-mac/gcc-arm-none-eabi-5_4-2016q3-20160926/install-native/share/doc/gcc-arm-none-eabi/pdf --enable-languages=c,c++ --enable-plugins --disable-decimal-float --disable-libffi --disable-libgomp --disable-libmudflap --disable-libquadmath --disable-libssp --disable-libstdcxx-pch --disable-nls --disable-shared --disable-threads --disable-tls --with-gnu-as --with-gnu-ld --with-newlib --with-headers=yes --with-python-dir=share/gcc-arm-none-eabi --with-sysroot=/Users/build/workspace/GCC-5-build_build-toolchain-mac/gcc-arm-none-eabi-5_4-2016q3-20160926/install-native/arm-none-eabi --build=x86_64-apple-darwin10 --host=x86_64-apple-darwin10 --with-gmp=/Users/build/workspace/GCC-5-build_build-toolchain-mac/gcc-arm-none-eabi-5_4-2016q3-20160926/build-native/host-libs/usr --with-mpfr=/Users/build/workspace/GCC-5-build_build-toolchain-mac/gcc-arm-none-eabi-5_4-2016q3-20160926/build-native/host-libs/usr --with-mpc=/Users/build/workspace/GCC-5-build_build-toolchain-mac/gcc-arm-none-eabi-5_4-2016q3-20160926/build-native/host-libs/usr --with-isl=/Users/build/workspace/GCC-5-build_build-toolchain-mac/gcc-arm-none-eabi-5_4-2016q3-20160926/build-native/host-libs/usr --with-cloog=/Users/build/workspace/GCC-5-build_build-toolchain-mac/gcc-arm-none-eabi-5_4-2016q3-20160926/build-native/host-libs/usr --with-libelf=/Users/build/workspace/GCC-5-build_build-toolchain-mac/gcc-arm-none-eabi-5_4-2016q3-20160926/build-native/host-libs/usr --with-host-libstdcxx='-static-libgcc -Wl,-lstdc++ -lm' --with-pkgversion='GNU Tools for ARM Embedded Processors' --with-multilib-list=armv6-m,armv7-m,armv7e-m,armv7-r,armv8-m.base,armv8-m.main]
  ignore line: [Thread model: single]
  ignore line: [gcc version 5.4.1 20160919 (release) [ARM/embedded-5-branch revision 240496] (GNU Tools for ARM Embedded Processors) ]
  ignore line: [COLLECT_GCC_OPTIONS='-v' '-o' 'CMakeFiles/cmTC_e71a1.dir/CMakeCCompilerABI.c.obj' '-c']
  ignore line: [ /Users/lost_echo/Programming/stm32/gcc-arm-none-eabi-5_4-2016q3/bin/../lib/gcc/arm-none-eabi/5.4.1/cc1 -quiet -v -iprefix /Users/lost_echo/Programming/stm32/gcc-arm-none-eabi-5_4-2016q3/bin/../lib/gcc/arm-none-eabi/5.4.1/ -isysroot /Users/lost_echo/Programming/stm32/gcc-arm-none-eabi-5_4-2016q3/bin/../arm-none-eabi -D__USES_INITFINI__ /Applications/CLion.app/Contents/bin/cmake/mac/share/cmake-3.19/Modules/CMakeCCompilerABI.c -quiet -dumpbase CMakeCCompilerABI.c -auxbase-strip CMakeFiles/cmTC_e71a1.dir/CMakeCCompilerABI.c.obj -version -o /var/folders/lt/lwtmy2fn09b0js3xz8y83sqc0000gn/T//cc1zdtYH.s]
  ignore line: [GNU C11 (GNU Tools for ARM Embedded Processors) version 5.4.1 20160919 (release) [ARM/embedded-5-branch revision 240496] (arm-none-eabi)]
  ignore line: [	compiled by GNU C version 4.2.1 (Based on Apple Inc. build 5658) (LLVM build 2336.9.00)  GMP version 4.3.2  MPFR version 2.4.2  MPC version 0.8.1]
  ignore line: [GGC heuristics: --param ggc-min-expand=100 --param ggc-min-heapsize=131072]
  ignore line: [ignoring duplicate directory "/Users/lost_echo/Programming/stm32/gcc-arm-none-eabi-5_4-2016q3/bin/../lib/gcc/../../lib/gcc/arm-none-eabi/5.4.1/include"]
  ignore line: [ignoring nonexistent directory "/Users/lost_echo/Programming/stm32/gcc-arm-none-eabi-5_4-2016q3/bin/../arm-none-eabi/usr/local/include"]
  ignore line: [ignoring duplicate directory "/Users/lost_echo/Programming/stm32/gcc-arm-none-eabi-5_4-2016q3/bin/../lib/gcc/../../lib/gcc/arm-none-eabi/5.4.1/include-fixed"]
  ignore line: [ignoring duplicate directory "/Users/lost_echo/Programming/stm32/gcc-arm-none-eabi-5_4-2016q3/bin/../lib/gcc/../../lib/gcc/arm-none-eabi/5.4.1/../../../../arm-none-eabi/include"]
  ignore line: [ignoring nonexistent directory "/Users/lost_echo/Programming/stm32/gcc-arm-none-eabi-5_4-2016q3/bin/../arm-none-eabi/usr/include"]
  ignore line: [#include "..." search starts here:]
  ignore line: [#include <...> search starts here:]
  ignore line: [ /Users/lost_echo/Programming/stm32/gcc-arm-none-eabi-5_4-2016q3/bin/../lib/gcc/arm-none-eabi/5.4.1/include]
  ignore line: [ /Users/lost_echo/Programming/stm32/gcc-arm-none-eabi-5_4-2016q3/bin/../lib/gcc/arm-none-eabi/5.4.1/include-fixed]
  ignore line: [ /Users/lost_echo/Programming/stm32/gcc-arm-none-eabi-5_4-2016q3/bin/../lib/gcc/arm-none-eabi/5.4.1/../../../../arm-none-eabi/include]
  ignore line: [End of search list.]
  ignore line: [GNU C11 (GNU Tools for ARM Embedded Processors) version 5.4.1 20160919 (release) [ARM/embedded-5-branch revision 240496] (arm-none-eabi)]
  ignore line: [	compiled by GNU C version 4.2.1 (Based on Apple Inc. build 5658) (LLVM build 2336.9.00)  GMP version 4.3.2  MPFR version 2.4.2  MPC version 0.8.1]
  ignore line: [GGC heuristics: --param ggc-min-expand=100 --param ggc-min-heapsize=131072]
  ignore line: [Compiler executable checksum: 8f50f338e802dca2f5500cdbc1dec3fe]
  ignore line: [COLLECT_GCC_OPTIONS='-v' '-o' 'CMakeFiles/cmTC_e71a1.dir/CMakeCCompilerABI.c.obj' '-c']
  ignore line: [ /Users/lost_echo/Programming/stm32/gcc-arm-none-eabi-5_4-2016q3/bin/../lib/gcc/arm-none-eabi/5.4.1/../../../../arm-none-eabi/bin/as -v -meabi=5 -o CMakeFiles/cmTC_e71a1.dir/CMakeCCompilerABI.c.obj /var/folders/lt/lwtmy2fn09b0js3xz8y83sqc0000gn/T//cc1zdtYH.s]
  ignore line: [GNU assembler version 2.26.2 (arm-none-eabi) using BFD version (GNU Tools for ARM Embedded Processors) 2.26.2.20160923]
  ignore line: [COMPILER_PATH=/Users/lost_echo/Programming/stm32/gcc-arm-none-eabi-5_4-2016q3/bin/../lib/gcc/arm-none-eabi/5.4.1/:/Users/lost_echo/Programming/stm32/gcc-arm-none-eabi-5_4-2016q3/bin/../lib/gcc/:/Users/lost_echo/Programming/stm32/gcc-arm-none-eabi-5_4-2016q3/bin/../lib/gcc/arm-none-eabi/5.4.1/../../../../arm-none-eabi/bin/]
  ignore line: [LIBRARY_PATH=/Users/lost_echo/Programming/stm32/gcc-arm-none-eabi-5_4-2016q3/bin/../lib/gcc/arm-none-eabi/5.4.1/:/Users/lost_echo/Programming/stm32/gcc-arm-none-eabi-5_4-2016q3/bin/../lib/gcc/:/Users/lost_echo/Programming/stm32/gcc-arm-none-eabi-5_4-2016q3/bin/../lib/gcc/arm-none-eabi/5.4.1/../../../../arm-none-eabi/lib/:/Users/lost_echo/Programming/stm32/gcc-arm-none-eabi-5_4-2016q3/bin/../arm-none-eabi/lib/]
  ignore line: [COLLECT_GCC_OPTIONS='-v' '-o' 'CMakeFiles/cmTC_e71a1.dir/CMakeCCompilerABI.c.obj' '-c']
  ignore line: [Linking C static library libcmTC_e71a1.a]
  ignore line: [/Applications/CLion.app/Contents/bin/cmake/mac/bin/cmake -P CMakeFiles/cmTC_e71a1.dir/cmake_clean_target.cmake]
  ignore line: [/Applications/CLion.app/Contents/bin/cmake/mac/bin/cmake -E cmake_link_script CMakeFiles/cmTC_e71a1.dir/link.txt --verbose=1]
  ignore line: [arm-none-eabi-ar qc libcmTC_e71a1.a CMakeFiles/cmTC_e71a1.dir/CMakeCCompilerABI.c.obj]
  ignore line: [/Users/lost_echo/Programming/stm32/gcc-arm-none-eabi-5_4-2016q3/bin/arm-none-eabi-ranlib libcmTC_e71a1.a]
  ignore line: [gmake[1]: Leaving directory '/Users/lost_echo/CLionProjects/led_test/cmake-build-debug/CMakeFiles/CMakeTmp']
  ignore line: []
  ignore line: []
  implicit libs: []
  implicit dirs: []
  implicit fwks: []


Detecting CXX compiler ABI info compiled with the following output:
Change Dir: /Users/lost_echo/CLionProjects/led_test/cmake-build-debug/CMakeFiles/CMakeTmp

Run Build Command(s):/usr/local/bin/gmake cmTC_3909e/fast && /usr/local/bin/gmake  -f CMakeFiles/cmTC_3909e.dir/build.make CMakeFiles/cmTC_3909e.dir/build
gmake[1]: Entering directory '/Users/lost_echo/CLionProjects/led_test/cmake-build-debug/CMakeFiles/CMakeTmp'
Building CXX object CMakeFiles/cmTC_3909e.dir/CMakeCXXCompilerABI.cpp.obj
/Users/lost_echo/Programming/stm32/gcc-arm-none-eabi-5_4-2016q3/bin/arm-none-eabi-g++   -v -o CMakeFiles/cmTC_3909e.dir/CMakeCXXCompilerABI.cpp.obj -c /Applications/CLion.app/Contents/bin/cmake/mac/share/cmake-3.19/Modules/CMakeCXXCompilerABI.cpp
Using built-in specs.
COLLECT_GCC=/Users/lost_echo/Programming/stm32/gcc-arm-none-eabi-5_4-2016q3/bin/arm-none-eabi-g++
Target: arm-none-eabi
Configured with: /Users/build/workspace/GCC-5-build_build-toolchain-mac/gcc-arm-none-eabi-5_4-2016q3-20160926/src/gcc/configure --target=arm-none-eabi --prefix=/Users/build/workspace/GCC-5-build_build-toolchain-mac/gcc-arm-none-eabi-5_4-2016q3-20160926/install-native --libexecdir=/Users/build/workspace/GCC-5-build_build-toolchain-mac/gcc-arm-none-eabi-5_4-2016q3-20160926/install-native/lib --infodir=/Users/build/workspace/GCC-5-build_build-toolchain-mac/gcc-arm-none-eabi-5_4-2016q3-20160926/install-native/share/doc/gcc-arm-none-eabi/info --mandir=/Users/build/workspace/GCC-5-build_build-toolchain-mac/gcc-arm-none-eabi-5_4-2016q3-20160926/install-native/share/doc/gcc-arm-none-eabi/man --htmldir=/Users/build/workspace/GCC-5-build_build-toolchain-mac/gcc-arm-none-eabi-5_4-2016q3-20160926/install-native/share/doc/gcc-arm-none-eabi/html --pdfdir=/Users/build/workspace/GCC-5-build_build-toolchain-mac/gcc-arm-none-eabi-5_4-2016q3-20160926/install-native/share/doc/gcc-arm-none-eabi/pdf --enable-languages=c,c++ --enable-plugins --disable-decimal-float --disable-libffi --disable-libgomp --disable-libmudflap --disable-libquadmath --disable-libssp --disable-libstdcxx-pch --disable-nls --disable-shared --disable-threads --disable-tls --with-gnu-as --with-gnu-ld --with-newlib --with-headers=yes --with-python-dir=share/gcc-arm-none-eabi --with-sysroot=/Users/build/workspace/GCC-5-build_build-toolchain-mac/gcc-arm-none-eabi-5_4-2016q3-20160926/install-native/arm-none-eabi --build=x86_64-apple-darwin10 --host=x86_64-apple-darwin10 --with-gmp=/Users/build/workspace/GCC-5-build_build-toolchain-mac/gcc-arm-none-eabi-5_4-2016q3-20160926/build-native/host-libs/usr --with-mpfr=/Users/build/workspace/GCC-5-build_build-toolchain-mac/gcc-arm-none-eabi-5_4-2016q3-20160926/build-native/host-libs/usr --with-mpc=/Users/build/workspace/GCC-5-build_build-toolchain-mac/gcc-arm-none-eabi-5_4-2016q3-20160926/build-native/host-libs/usr --with-isl=/Users/build/workspace/GCC-5-build_build-toolchain-mac/gcc-arm-none-eabi-5_4-2016q3-20160926/build-native/host-libs/usr --with-cloog=/Users/build/workspace/GCC-5-build_build-toolchain-mac/gcc-arm-none-eabi-5_4-2016q3-20160926/build-native/host-libs/usr --with-libelf=/Users/build/workspace/GCC-5-build_build-toolchain-mac/gcc-arm-none-eabi-5_4-2016q3-20160926/build-native/host-libs/usr --with-host-libstdcxx='-static-libgcc -Wl,-lstdc++ -lm' --with-pkgversion='GNU Tools for ARM Embedded Processors' --with-multilib-list=armv6-m,armv7-m,armv7e-m,armv7-r,armv8-m.base,armv8-m.main
Thread model: single
gcc version 5.4.1 20160919 (release) [ARM/embedded-5-branch revision 240496] (GNU Tools for ARM Embedded Processors) 
COLLECT_GCC_OPTIONS='-v' '-o' 'CMakeFiles/cmTC_3909e.dir/CMakeCXXCompilerABI.cpp.obj' '-c'
 /Users/lost_echo/Programming/stm32/gcc-arm-none-eabi-5_4-2016q3/bin/../lib/gcc/arm-none-eabi/5.4.1/cc1plus -quiet -v -iprefix /Users/lost_echo/Programming/stm32/gcc-arm-none-eabi-5_4-2016q3/bin/../lib/gcc/arm-none-eabi/5.4.1/ -isysroot /Users/lost_echo/Programming/stm32/gcc-arm-none-eabi-5_4-2016q3/bin/../arm-none-eabi -D__USES_INITFINI__ /Applications/CLion.app/Contents/bin/cmake/mac/share/cmake-3.19/Modules/CMakeCXXCompilerABI.cpp -quiet -dumpbase CMakeCXXCompilerABI.cpp -auxbase-strip CMakeFiles/cmTC_3909e.dir/CMakeCXXCompilerABI.cpp.obj -version -o /var/folders/lt/lwtmy2fn09b0js3xz8y83sqc0000gn/T//ccsCdd7N.s
GNU C++ (GNU Tools for ARM Embedded Processors) version 5.4.1 20160919 (release) [ARM/embedded-5-branch revision 240496] (arm-none-eabi)
	compiled by GNU C version 4.2.1 (Based on Apple Inc. build 5658) (LLVM build 2336.9.00), GMP version 4.3.2, MPFR version 2.4.2, MPC version 0.8.1
GGC heuristics: --param ggc-min-expand=100 --param ggc-min-heapsize=131072
ignoring duplicate directory "/Users/lost_echo/Programming/stm32/gcc-arm-none-eabi-5_4-2016q3/bin/../lib/gcc/../../lib/gcc/arm-none-eabi/5.4.1/../../../../arm-none-eabi/include/c++/5.4.1"
ignoring duplicate directory "/Users/lost_echo/Programming/stm32/gcc-arm-none-eabi-5_4-2016q3/bin/../lib/gcc/../../lib/gcc/arm-none-eabi/5.4.1/../../../../arm-none-eabi/include/c++/5.4.1/arm-none-eabi"
ignoring duplicate directory "/Users/lost_echo/Programming/stm32/gcc-arm-none-eabi-5_4-2016q3/bin/../lib/gcc/../../lib/gcc/arm-none-eabi/5.4.1/../../../../arm-none-eabi/include/c++/5.4.1/backward"
ignoring duplicate directory "/Users/lost_echo/Programming/stm32/gcc-arm-none-eabi-5_4-2016q3/bin/../lib/gcc/../../lib/gcc/arm-none-eabi/5.4.1/include"
ignoring nonexistent directory "/Users/lost_echo/Programming/stm32/gcc-arm-none-eabi-5_4-2016q3/bin/../arm-none-eabi/usr/local/include"
ignoring duplicate directory "/Users/lost_echo/Programming/stm32/gcc-arm-none-eabi-5_4-2016q3/bin/../lib/gcc/../../lib/gcc/arm-none-eabi/5.4.1/include-fixed"
ignoring duplicate directory "/Users/lost_echo/Programming/stm32/gcc-arm-none-eabi-5_4-2016q3/bin/../lib/gcc/../../lib/gcc/arm-none-eabi/5.4.1/../../../../arm-none-eabi/include"
ignoring nonexistent directory "/Users/lost_echo/Programming/stm32/gcc-arm-none-eabi-5_4-2016q3/bin/../arm-none-eabi/usr/include"
#include "..." search starts here:
#include <...> search starts here:
 /Users/lost_echo/Programming/stm32/gcc-arm-none-eabi-5_4-2016q3/bin/../lib/gcc/arm-none-eabi/5.4.1/../../../../arm-none-eabi/include/c++/5.4.1
 /Users/lost_echo/Programming/stm32/gcc-arm-none-eabi-5_4-2016q3/bin/../lib/gcc/arm-none-eabi/5.4.1/../../../../arm-none-eabi/include/c++/5.4.1/arm-none-eabi
 /Users/lost_echo/Programming/stm32/gcc-arm-none-eabi-5_4-2016q3/bin/../lib/gcc/arm-none-eabi/5.4.1/../../../../arm-none-eabi/include/c++/5.4.1/backward
 /Users/lost_echo/Programming/stm32/gcc-arm-none-eabi-5_4-2016q3/bin/../lib/gcc/arm-none-eabi/5.4.1/include
 /Users/lost_echo/Programming/stm32/gcc-arm-none-eabi-5_4-2016q3/bin/../lib/gcc/arm-none-eabi/5.4.1/include-fixed
 /Users/lost_echo/Programming/stm32/gcc-arm-none-eabi-5_4-2016q3/bin/../lib/gcc/arm-none-eabi/5.4.1/../../../../arm-none-eabi/include
End of search list.
GNU C++ (GNU Tools for ARM Embedded Processors) version 5.4.1 20160919 (release) [ARM/embedded-5-branch revision 240496] (arm-none-eabi)
	compiled by GNU C version 4.2.1 (Based on Apple Inc. build 5658) (LLVM build 2336.9.00), GMP version 4.3.2, MPFR version 2.4.2, MPC version 0.8.1
GGC heuristics: --param ggc-min-expand=100 --param ggc-min-heapsize=131072
Compiler executable checksum: 76fd8cf3e92c91cdbf74e79d0688ed8b
COLLECT_GCC_OPTIONS='-v' '-o' 'CMakeFiles/cmTC_3909e.dir/CMakeCXXCompilerABI.cpp.obj' '-c'
 /Users/lost_echo/Programming/stm32/gcc-arm-none-eabi-5_4-2016q3/bin/../lib/gcc/arm-none-eabi/5.4.1/../../../../arm-none-eabi/bin/as -v -meabi=5 -o CMakeFiles/cmTC_3909e.dir/CMakeCXXCompilerABI.cpp.obj /var/folders/lt/lwtmy2fn09b0js3xz8y83sqc0000gn/T//ccsCdd7N.s
GNU assembler version 2.26.2 (arm-none-eabi) using BFD version (GNU Tools for ARM Embedded Processors) 2.26.2.20160923
COMPILER_PATH=/Users/lost_echo/Programming/stm32/gcc-arm-none-eabi-5_4-2016q3/bin/../lib/gcc/arm-none-eabi/5.4.1/:/Users/lost_echo/Programming/stm32/gcc-arm-none-eabi-5_4-2016q3/bin/../lib/gcc/:/Users/lost_echo/Programming/stm32/gcc-arm-none-eabi-5_4-2016q3/bin/../lib/gcc/arm-none-eabi/5.4.1/../../../../arm-none-eabi/bin/
LIBRARY_PATH=/Users/lost_echo/Programming/stm32/gcc-arm-none-eabi-5_4-2016q3/bin/../lib/gcc/arm-none-eabi/5.4.1/:/Users/lost_echo/Programming/stm32/gcc-arm-none-eabi-5_4-2016q3/bin/../lib/gcc/:/Users/lost_echo/Programming/stm32/gcc-arm-none-eabi-5_4-2016q3/bin/../lib/gcc/arm-none-eabi/5.4.1/../../../../arm-none-eabi/lib/:/Users/lost_echo/Programming/stm32/gcc-arm-none-eabi-5_4-2016q3/bin/../arm-none-eabi/lib/
COLLECT_GCC_OPTIONS='-v' '-o' 'CMakeFiles/cmTC_3909e.dir/CMakeCXXCompilerABI.cpp.obj' '-c'
Linking CXX static library libcmTC_3909e.a
/Applications/CLion.app/Contents/bin/cmake/mac/bin/cmake -P CMakeFiles/cmTC_3909e.dir/cmake_clean_target.cmake
/Applications/CLion.app/Contents/bin/cmake/mac/bin/cmake -E cmake_link_script CMakeFiles/cmTC_3909e.dir/link.txt --verbose=1
arm-none-eabi-ar qc libcmTC_3909e.a CMakeFiles/cmTC_3909e.dir/CMakeCXXCompilerABI.cpp.obj
/Users/lost_echo/Programming/stm32/gcc-arm-none-eabi-5_4-2016q3/bin/arm-none-eabi-ranlib libcmTC_3909e.a
gmake[1]: Leaving directory '/Users/lost_echo/CLionProjects/led_test/cmake-build-debug/CMakeFiles/CMakeTmp'



Parsed CXX implicit include dir info from above output: rv=done
  found start of include info
  found start of implicit include info
    add: [/Users/lost_echo/Programming/stm32/gcc-arm-none-eabi-5_4-2016q3/bin/../lib/gcc/arm-none-eabi/5.4.1/../../../../arm-none-eabi/include/c++/5.4.1]
    add: [/Users/lost_echo/Programming/stm32/gcc-arm-none-eabi-5_4-2016q3/bin/../lib/gcc/arm-none-eabi/5.4.1/../../../../arm-none-eabi/include/c++/5.4.1/arm-none-eabi]
    add: [/Users/lost_echo/Programming/stm32/gcc-arm-none-eabi-5_4-2016q3/bin/../lib/gcc/arm-none-eabi/5.4.1/../../../../arm-none-eabi/include/c++/5.4.1/backward]
    add: [/Users/lost_echo/Programming/stm32/gcc-arm-none-eabi-5_4-2016q3/bin/../lib/gcc/arm-none-eabi/5.4.1/include]
    add: [/Users/lost_echo/Programming/stm32/gcc-arm-none-eabi-5_4-2016q3/bin/../lib/gcc/arm-none-eabi/5.4.1/include-fixed]
    add: [/Users/lost_echo/Programming/stm32/gcc-arm-none-eabi-5_4-2016q3/bin/../lib/gcc/arm-none-eabi/5.4.1/../../../../arm-none-eabi/include]
  end of search list found
  collapse include dir [/Users/lost_echo/Programming/stm32/gcc-arm-none-eabi-5_4-2016q3/bin/../lib/gcc/arm-none-eabi/5.4.1/../../../../arm-none-eabi/include/c++/5.4.1] ==> [/Users/lost_echo/Programming/stm32/gcc-arm-none-eabi-5_4-2016q3/arm-none-eabi/include/c++/5.4.1]
  collapse include dir [/Users/lost_echo/Programming/stm32/gcc-arm-none-eabi-5_4-2016q3/bin/../lib/gcc/arm-none-eabi/5.4.1/../../../../arm-none-eabi/include/c++/5.4.1/arm-none-eabi] ==> [/Users/lost_echo/Programming/stm32/gcc-arm-none-eabi-5_4-2016q3/arm-none-eabi/include/c++/5.4.1/arm-none-eabi]
  collapse include dir [/Users/lost_echo/Programming/stm32/gcc-arm-none-eabi-5_4-2016q3/bin/../lib/gcc/arm-none-eabi/5.4.1/../../../../arm-none-eabi/include/c++/5.4.1/backward] ==> [/Users/lost_echo/Programming/stm32/gcc-arm-none-eabi-5_4-2016q3/arm-none-eabi/include/c++/5.4.1/backward]
  collapse include dir [/Users/lost_echo/Programming/stm32/gcc-arm-none-eabi-5_4-2016q3/bin/../lib/gcc/arm-none-eabi/5.4.1/include] ==> [/Users/lost_echo/Programming/stm32/gcc-arm-none-eabi-5_4-2016q3/lib/gcc/arm-none-eabi/5.4.1/include]
  collapse include dir [/Users/lost_echo/Programming/stm32/gcc-arm-none-eabi-5_4-2016q3/bin/../lib/gcc/arm-none-eabi/5.4.1/include-fixed] ==> [/Users/lost_echo/Programming/stm32/gcc-arm-none-eabi-5_4-2016q3/lib/gcc/arm-none-eabi/5.4.1/include-fixed]
  collapse include dir [/Users/lost_echo/Programming/stm32/gcc-arm-none-eabi-5_4-2016q3/bin/../lib/gcc/arm-none-eabi/5.4.1/../../../../arm-none-eabi/include] ==> [/Users/lost_echo/Programming/stm32/gcc-arm-none-eabi-5_4-2016q3/arm-none-eabi/include]
  implicit include dirs: [/Users/lost_echo/Programming/stm32/gcc-arm-none-eabi-5_4-2016q3/arm-none-eabi/include/c++/5.4.1;/Users/lost_echo/Programming/stm32/gcc-arm-none-eabi-5_4-2016q3/arm-none-eabi/include/c++/5.4.1/arm-none-eabi;/Users/lost_echo/Programming/stm32/gcc-arm-none-eabi-5_4-2016q3/arm-none-eabi/include/c++/5.4.1/backward;/Users/lost_echo/Programming/stm32/gcc-arm-none-eabi-5_4-2016q3/lib/gcc/arm-none-eabi/5.4.1/include;/Users/lost_echo/Programming/stm32/gcc-arm-none-eabi-5_4-2016q3/lib/gcc/arm-none-eabi/5.4.1/include-fixed;/Users/lost_echo/Programming/stm32/gcc-arm-none-eabi-5_4-2016q3/arm-none-eabi/include]


Parsed CXX implicit link information from above output:
  link line regex: [^( *|.*[/\])(arm-none-eabi-ld|CMAKE_LINK_STARTFILE-NOTFOUND|([^/\]+-)?ld|collect2)[^/\]*( |$)]
  ignore line: [Change Dir: /Users/lost_echo/CLionProjects/led_test/cmake-build-debug/CMakeFiles/CMakeTmp]
  ignore line: []
  ignore line: [Run Build Command(s):/usr/local/bin/gmake cmTC_3909e/fast && /usr/local/bin/gmake  -f CMakeFiles/cmTC_3909e.dir/build.make CMakeFiles/cmTC_3909e.dir/build]
  ignore line: [gmake[1]: Entering directory '/Users/lost_echo/CLionProjects/led_test/cmake-build-debug/CMakeFiles/CMakeTmp']
  ignore line: [Building CXX object CMakeFiles/cmTC_3909e.dir/CMakeCXXCompilerABI.cpp.obj]
  ignore line: [/Users/lost_echo/Programming/stm32/gcc-arm-none-eabi-5_4-2016q3/bin/arm-none-eabi-g++   -v -o CMakeFiles/cmTC_3909e.dir/CMakeCXXCompilerABI.cpp.obj -c /Applications/CLion.app/Contents/bin/cmake/mac/share/cmake-3.19/Modules/CMakeCXXCompilerABI.cpp]
  ignore line: [Using built-in specs.]
  ignore line: [COLLECT_GCC=/Users/lost_echo/Programming/stm32/gcc-arm-none-eabi-5_4-2016q3/bin/arm-none-eabi-g++]
  ignore line: [Target: arm-none-eabi]
  ignore line: [Configured with: /Users/build/workspace/GCC-5-build_build-toolchain-mac/gcc-arm-none-eabi-5_4-2016q3-20160926/src/gcc/configure --target=arm-none-eabi --prefix=/Users/build/workspace/GCC-5-build_build-toolchain-mac/gcc-arm-none-eabi-5_4-2016q3-20160926/install-native --libexecdir=/Users/build/workspace/GCC-5-build_build-toolchain-mac/gcc-arm-none-eabi-5_4-2016q3-20160926/install-native/lib --infodir=/Users/build/workspace/GCC-5-build_build-toolchain-mac/gcc-arm-none-eabi-5_4-2016q3-20160926/install-native/share/doc/gcc-arm-none-eabi/info --mandir=/Users/build/workspace/GCC-5-build_build-toolchain-mac/gcc-arm-none-eabi-5_4-2016q3-20160926/install-native/share/doc/gcc-arm-none-eabi/man --htmldir=/Users/build/workspace/GCC-5-build_build-toolchain-mac/gcc-arm-none-eabi-5_4-2016q3-20160926/install-native/share/doc/gcc-arm-none-eabi/html --pdfdir=/Users/build/workspace/GCC-5-build_build-toolchain-mac/gcc-arm-none-eabi-5_4-2016q3-20160926/install-native/share/doc/gcc-arm-none-eabi/pdf --enable-languages=c,c++ --enable-plugins --disable-decimal-float --disable-libffi --disable-libgomp --disable-libmudflap --disable-libquadmath --disable-libssp --disable-libstdcxx-pch --disable-nls --disable-shared --disable-threads --disable-tls --with-gnu-as --with-gnu-ld --with-newlib --with-headers=yes --with-python-dir=share/gcc-arm-none-eabi --with-sysroot=/Users/build/workspace/GCC-5-build_build-toolchain-mac/gcc-arm-none-eabi-5_4-2016q3-20160926/install-native/arm-none-eabi --build=x86_64-apple-darwin10 --host=x86_64-apple-darwin10 --with-gmp=/Users/build/workspace/GCC-5-build_build-toolchain-mac/gcc-arm-none-eabi-5_4-2016q3-20160926/build-native/host-libs/usr --with-mpfr=/Users/build/workspace/GCC-5-build_build-toolchain-mac/gcc-arm-none-eabi-5_4-2016q3-20160926/build-native/host-libs/usr --with-mpc=/Users/build/workspace/GCC-5-build_build-toolchain-mac/gcc-arm-none-eabi-5_4-2016q3-20160926/build-native/host-libs/usr --with-isl=/Users/build/workspace/GCC-5-build_build-toolchain-mac/gcc-arm-none-eabi-5_4-2016q3-20160926/build-native/host-libs/usr --with-cloog=/Users/build/workspace/GCC-5-build_build-toolchain-mac/gcc-arm-none-eabi-5_4-2016q3-20160926/build-native/host-libs/usr --with-libelf=/Users/build/workspace/GCC-5-build_build-toolchain-mac/gcc-arm-none-eabi-5_4-2016q3-20160926/build-native/host-libs/usr --with-host-libstdcxx='-static-libgcc -Wl,-lstdc++ -lm' --with-pkgversion='GNU Tools for ARM Embedded Processors' --with-multilib-list=armv6-m,armv7-m,armv7e-m,armv7-r,armv8-m.base,armv8-m.main]
  ignore line: [Thread model: single]
  ignore line: [gcc version 5.4.1 20160919 (release) [ARM/embedded-5-branch revision 240496] (GNU Tools for ARM Embedded Processors) ]
  ignore line: [COLLECT_GCC_OPTIONS='-v' '-o' 'CMakeFiles/cmTC_3909e.dir/CMakeCXXCompilerABI.cpp.obj' '-c']
  ignore line: [ /Users/lost_echo/Programming/stm32/gcc-arm-none-eabi-5_4-2016q3/bin/../lib/gcc/arm-none-eabi/5.4.1/cc1plus -quiet -v -iprefix /Users/lost_echo/Programming/stm32/gcc-arm-none-eabi-5_4-2016q3/bin/../lib/gcc/arm-none-eabi/5.4.1/ -isysroot /Users/lost_echo/Programming/stm32/gcc-arm-none-eabi-5_4-2016q3/bin/../arm-none-eabi -D__USES_INITFINI__ /Applications/CLion.app/Contents/bin/cmake/mac/share/cmake-3.19/Modules/CMakeCXXCompilerABI.cpp -quiet -dumpbase CMakeCXXCompilerABI.cpp -auxbase-strip CMakeFiles/cmTC_3909e.dir/CMakeCXXCompilerABI.cpp.obj -version -o /var/folders/lt/lwtmy2fn09b0js3xz8y83sqc0000gn/T//ccsCdd7N.s]
  ignore line: [GNU C++ (GNU Tools for ARM Embedded Processors) version 5.4.1 20160919 (release) [ARM/embedded-5-branch revision 240496] (arm-none-eabi)]
  ignore line: [	compiled by GNU C version 4.2.1 (Based on Apple Inc. build 5658) (LLVM build 2336.9.00)  GMP version 4.3.2  MPFR version 2.4.2  MPC version 0.8.1]
  ignore line: [GGC heuristics: --param ggc-min-expand=100 --param ggc-min-heapsize=131072]
  ignore line: [ignoring duplicate directory "/Users/lost_echo/Programming/stm32/gcc-arm-none-eabi-5_4-2016q3/bin/../lib/gcc/../../lib/gcc/arm-none-eabi/5.4.1/../../../../arm-none-eabi/include/c++/5.4.1"]
  ignore line: [ignoring duplicate directory "/Users/lost_echo/Programming/stm32/gcc-arm-none-eabi-5_4-2016q3/bin/../lib/gcc/../../lib/gcc/arm-none-eabi/5.4.1/../../../../arm-none-eabi/include/c++/5.4.1/arm-none-eabi"]
  ignore line: [ignoring duplicate directory "/Users/lost_echo/Programming/stm32/gcc-arm-none-eabi-5_4-2016q3/bin/../lib/gcc/../../lib/gcc/arm-none-eabi/5.4.1/../../../../arm-none-eabi/include/c++/5.4.1/backward"]
  ignore line: [ignoring duplicate directory "/Users/lost_echo/Programming/stm32/gcc-arm-none-eabi-5_4-2016q3/bin/../lib/gcc/../../lib/gcc/arm-none-eabi/5.4.1/include"]
  ignore line: [ignoring nonexistent directory "/Users/lost_echo/Programming/stm32/gcc-arm-none-eabi-5_4-2016q3/bin/../arm-none-eabi/usr/local/include"]
  ignore line: [ignoring duplicate directory "/Users/lost_echo/Programming/stm32/gcc-arm-none-eabi-5_4-2016q3/bin/../lib/gcc/../../lib/gcc/arm-none-eabi/5.4.1/include-fixed"]
  ignore line: [ignoring duplicate directory "/Users/lost_echo/Programming/stm32/gcc-arm-none-eabi-5_4-2016q3/bin/../lib/gcc/../../lib/gcc/arm-none-eabi/5.4.1/../../../../arm-none-eabi/include"]
  ignore line: [ignoring nonexistent directory "/Users/lost_echo/Programming/stm32/gcc-arm-none-eabi-5_4-2016q3/bin/../arm-none-eabi/usr/include"]
  ignore line: [#include "..." search starts here:]
  ignore line: [#include <...> search starts here:]
  ignore line: [ /Users/lost_echo/Programming/stm32/gcc-arm-none-eabi-5_4-2016q3/bin/../lib/gcc/arm-none-eabi/5.4.1/../../../../arm-none-eabi/include/c++/5.4.1]
  ignore line: [ /Users/lost_echo/Programming/stm32/gcc-arm-none-eabi-5_4-2016q3/bin/../lib/gcc/arm-none-eabi/5.4.1/../../../../arm-none-eabi/include/c++/5.4.1/arm-none-eabi]
  ignore line: [ /Users/lost_echo/Programming/stm32/gcc-arm-none-eabi-5_4-2016q3/bin/../lib/gcc/arm-none-eabi/5.4.1/../../../../arm-none-eabi/include/c++/5.4.1/backward]
  ignore line: [ /Users/lost_echo/Programming/stm32/gcc-arm-none-eabi-5_4-2016q3/bin/../lib/gcc/arm-none-eabi/5.4.1/include]
  ignore line: [ /Users/lost_echo/Programming/stm32/gcc-arm-none-eabi-5_4-2016q3/bin/../lib/gcc/arm-none-eabi/5.4.1/include-fixed]
  ignore line: [ /Users/lost_echo/Programming/stm32/gcc-arm-none-eabi-5_4-2016q3/bin/../lib/gcc/arm-none-eabi/5.4.1/../../../../arm-none-eabi/include]
  ignore line: [End of search list.]
  ignore line: [GNU C++ (GNU Tools for ARM Embedded Processors) version 5.4.1 20160919 (release) [ARM/embedded-5-branch revision 240496] (arm-none-eabi)]
  ignore line: [	compiled by GNU C version 4.2.1 (Based on Apple Inc. build 5658) (LLVM build 2336.9.00)  GMP version 4.3.2  MPFR version 2.4.2  MPC version 0.8.1]
  ignore line: [GGC heuristics: --param ggc-min-expand=100 --param ggc-min-heapsize=131072]
  ignore line: [Compiler executable checksum: 76fd8cf3e92c91cdbf74e79d0688ed8b]
  ignore line: [COLLECT_GCC_OPTIONS='-v' '-o' 'CMakeFiles/cmTC_3909e.dir/CMakeCXXCompilerABI.cpp.obj' '-c']
  ignore line: [ /Users/lost_echo/Programming/stm32/gcc-arm-none-eabi-5_4-2016q3/bin/../lib/gcc/arm-none-eabi/5.4.1/../../../../arm-none-eabi/bin/as -v -meabi=5 -o CMakeFiles/cmTC_3909e.dir/CMakeCXXCompilerABI.cpp.obj /var/folders/lt/lwtmy2fn09b0js3xz8y83sqc0000gn/T//ccsCdd7N.s]
  ignore line: [GNU assembler version 2.26.2 (arm-none-eabi) using BFD version (GNU Tools for ARM Embedded Processors) 2.26.2.20160923]
  ignore line: [COMPILER_PATH=/Users/lost_echo/Programming/stm32/gcc-arm-none-eabi-5_4-2016q3/bin/../lib/gcc/arm-none-eabi/5.4.1/:/Users/lost_echo/Programming/stm32/gcc-arm-none-eabi-5_4-2016q3/bin/../lib/gcc/:/Users/lost_echo/Programming/stm32/gcc-arm-none-eabi-5_4-2016q3/bin/../lib/gcc/arm-none-eabi/5.4.1/../../../../arm-none-eabi/bin/]
  ignore line: [LIBRARY_PATH=/Users/lost_echo/Programming/stm32/gcc-arm-none-eabi-5_4-2016q3/bin/../lib/gcc/arm-none-eabi/5.4.1/:/Users/lost_echo/Programming/stm32/gcc-arm-none-eabi-5_4-2016q3/bin/../lib/gcc/:/Users/lost_echo/Programming/stm32/gcc-arm-none-eabi-5_4-2016q3/bin/../lib/gcc/arm-none-eabi/5.4.1/../../../../arm-none-eabi/lib/:/Users/lost_echo/Programming/stm32/gcc-arm-none-eabi-5_4-2016q3/bin/../arm-none-eabi/lib/]
  ignore line: [COLLECT_GCC_OPTIONS='-v' '-o' 'CMakeFiles/cmTC_3909e.dir/CMakeCXXCompilerABI.cpp.obj' '-c']
  ignore line: [Linking CXX static library libcmTC_3909e.a]
  ignore line: [/Applications/CLion.app/Contents/bin/cmake/mac/bin/cmake -P CMakeFiles/cmTC_3909e.dir/cmake_clean_target.cmake]
  ignore line: [/Applications/CLion.app/Contents/bin/cmake/mac/bin/cmake -E cmake_link_script CMakeFiles/cmTC_3909e.dir/link.txt --verbose=1]
  ignore line: [arm-none-eabi-ar qc libcmTC_3909e.a CMakeFiles/cmTC_3909e.dir/CMakeCXXCompilerABI.cpp.obj]
  ignore line: [/Users/lost_echo/Programming/stm32/gcc-arm-none-eabi-5_4-2016q3/bin/arm-none-eabi-ranlib libcmTC_3909e.a]
  ignore line: [gmake[1]: Leaving directory '/Users/lost_echo/CLionProjects/led_test/cmake-build-debug/CMakeFiles/CMakeTmp']
  ignore line: []
  ignore line: []
  implicit libs: []
  implicit dirs: []
  implicit fwks: []


